<?xml version="1.0" encoding="UTF-8"?>
<testng-results skipped="0" failed="1" total="1" passed="0">
  <reporter-output>
  </reporter-output>
  <suite name="SNB Automation Suite" duration-ms="23074" started-at="2016-10-19T02:38:06Z" finished-at="2016-10-19T02:38:29Z">
    <groups>
    </groups>
    <test name="SNB-CSR Portal TestCases" duration-ms="23074" started-at="2016-10-19T02:38:06Z" finished-at="2016-10-19T02:38:29Z">
      <class name="com.snb.CSR.automation.testcases.SNBUSA41CSRLogin">
        <test-method status="PASS" signature="globalSetUP(java.lang.String, java.lang.String, java.lang.String)[pri:0, instance:com.snb.CSR.automation.testcases.SNBUSA41CSRLogin@7c16905e]" name="globalSetUP" is-config="true" duration-ms="13885" started-at="2016-10-19T08:08:06Z" finished-at="2016-10-19T08:08:20Z">
          <params>
            <param index="0">
              <value>
                <![CDATA[http://localhost:7777/portalserver/snb-csr/index]]>
              </value>
            </param>
            <param index="1">
              <value>
                <![CDATA[./CSRTestReports/ExtentReport.html]]>
              </value>
            </param>
            <param index="2">
              <value>
                <![CDATA[chrome]]>
              </value>
            </param>
          </params>
          <reporter-output>
          </reporter-output>
        </test-method> <!-- globalSetUP -->
        <test-method status="FAIL" signature="CSRverifyLogin()[pri:0, instance:com.snb.CSR.automation.testcases.SNBUSA41CSRLogin@7c16905e]" name="CSRverifyLogin" duration-ms="7079" started-at="2016-10-19T08:08:20Z" finished-at="2016-10-19T08:08:27Z">
          <exception class="java.lang.AssertionError">
            <message>
              <![CDATA[org.openqa.selenium.WebDriverException: chrome not reachable
  (Session info: chrome=53.0.2785.143)
  (Driver info: chromedriver=2.22.397933 (1cab651507b88dec79b2b2a22d1943c01833cc1b),platform=Windows NT 10.0.10586 x86_64) (WARNING: The server did not provide any stacktrace information)
Command duration or timeout: 4.02 seconds
Build info: version: 'unknown', revision: 'c7b525d', time: '2016-09-01 14:57:44 -0700'
System info: host: 'Ashok-PC', ip: '192.168.0.10', os.name: 'Windows 10', os.arch: 'amd64', os.version: '10.0', java.version: '1.8.0_101'
Driver info: org.openqa.selenium.chrome.ChromeDriver
Capabilities [{applicationCacheEnabled=false, rotatable=false, mobileEmulationEnabled=false, chrome={chromedriverVersion=2.22.397933 (1cab651507b88dec79b2b2a22d1943c01833cc1b), userDataDir=C:\Users\Ashok\AppData\Local\Temp\scoped_dir2316_17056}, takesHeapSnapshot=true, databaseEnabled=false, handlesAlerts=true, hasTouchScreen=false, version=53.0.2785.143, platform=XP, browserConnectionEnabled=false, nativeEvents=true, acceptSslCerts=true, locationContextEnabled=true, webStorageEnabled=true, browserName=chrome, takesScreenshot=true, javascriptEnabled=true, cssSelectorsEnabled=true}]
Session ID: fb6abbc6805d3ae448f48f77323434e8]]>
            </message>
            <full-stacktrace>
              <![CDATA[java.lang.AssertionError: org.openqa.selenium.WebDriverException: chrome not reachable
  (Session info: chrome=53.0.2785.143)
  (Driver info: chromedriver=2.22.397933 (1cab651507b88dec79b2b2a22d1943c01833cc1b),platform=Windows NT 10.0.10586 x86_64) (WARNING: The server did not provide any stacktrace information)
Command duration or timeout: 4.02 seconds
Build info: version: 'unknown', revision: 'c7b525d', time: '2016-09-01 14:57:44 -0700'
System info: host: 'Ashok-PC', ip: '192.168.0.10', os.name: 'Windows 10', os.arch: 'amd64', os.version: '10.0', java.version: '1.8.0_101'
Driver info: org.openqa.selenium.chrome.ChromeDriver
Capabilities [{applicationCacheEnabled=false, rotatable=false, mobileEmulationEnabled=false, chrome={chromedriverVersion=2.22.397933 (1cab651507b88dec79b2b2a22d1943c01833cc1b), userDataDir=C:\Users\Ashok\AppData\Local\Temp\scoped_dir2316_17056}, takesHeapSnapshot=true, databaseEnabled=false, handlesAlerts=true, hasTouchScreen=false, version=53.0.2785.143, platform=XP, browserConnectionEnabled=false, nativeEvents=true, acceptSslCerts=true, locationContextEnabled=true, webStorageEnabled=true, browserName=chrome, takesScreenshot=true, javascriptEnabled=true, cssSelectorsEnabled=true}]
Session ID: fb6abbc6805d3ae448f48f77323434e8
	at org.testng.Assert.fail(Assert.java:94)
	at com.snb.CSR.automation.testcases.SNBUSA41CSRLogin.CSRverifyLogin(SNBUSA41CSRLogin.java:82)
	at sun.reflect.NativeMethodAccessorImpl.invoke0(Native Method)
	at sun.reflect.NativeMethodAccessorImpl.invoke(Unknown Source)
	at sun.reflect.DelegatingMethodAccessorImpl.invoke(Unknown Source)
	at java.lang.reflect.Method.invoke(Unknown Source)
	at org.testng.internal.MethodInvocationHelper.invokeMethod(MethodInvocationHelper.java:80)
	at org.testng.internal.Invoker.invokeMethod(Invoker.java:714)
	at org.testng.internal.Invoker.invokeTestMethod(Invoker.java:901)
	at org.testng.internal.Invoker.invokeTestMethods(Invoker.java:1231)
	at org.testng.internal.TestMethodWorker.invokeTestMethods(TestMethodWorker.java:127)
	at org.testng.internal.TestMethodWorker.run(TestMethodWorker.java:111)
	at org.testng.TestRunner.privateRun(TestRunner.java:767)
	at org.testng.TestRunner.run(TestRunner.java:617)
	at org.testng.SuiteRunner.runTest(SuiteRunner.java:334)
	at org.testng.SuiteRunner.runSequentially(SuiteRunner.java:329)
	at org.testng.SuiteRunner.privateRun(SuiteRunner.java:291)
	at org.testng.SuiteRunner.run(SuiteRunner.java:240)
	at org.testng.SuiteRunnerWorker.runSuite(SuiteRunnerWorker.java:52)
	at org.testng.SuiteRunnerWorker.run(SuiteRunnerWorker.java:86)
	at org.testng.TestNG.runSuitesSequentially(TestNG.java:1198)
	at org.testng.TestNG.runSuitesLocally(TestNG.java:1123)
	at org.testng.TestNG.run(TestNG.java:1031)
	at org.testng.remote.AbstractRemoteTestNG.run(AbstractRemoteTestNG.java:126)
	at org.testng.remote.RemoteTestNG.initAndRun(RemoteTestNG.java:152)
	at org.testng.remote.RemoteTestNG.main(RemoteTestNG.java:57)
]]>
            </full-stacktrace>
          </exception> <!-- java.lang.AssertionError -->
          <reporter-output>
          </reporter-output>
        </test-method> <!-- CSRverifyLogin -->
        <test-method status="PASS" signature="afterTestCompletes(org.testng.ITestResult)[pri:0, instance:com.snb.CSR.automation.testcases.SNBUSA41CSRLogin@7c16905e]" name="afterTestCompletes" is-config="true" duration-ms="2" started-at="2016-10-19T08:08:27Z" finished-at="2016-10-19T08:08:27Z">
          <params>
            <param index="0">
              <value>
                <![CDATA[[TestResult name=CSRverifyLogin status=FAILURE method=SNBUSA41CSRLogin.CSRverifyLogin()[pri:0, instance:com.snb.CSR.automation.testcases.SNBUSA41CSRLogin@7c16905e] output={null}]]]>
              </value>
            </param>
          </params>
          <reporter-output>
          </reporter-output>
        </test-method> <!-- afterTestCompletes -->
        <test-method status="PASS" signature="closeBrowser()[pri:0, instance:com.snb.CSR.automation.testcases.SNBUSA41CSRLogin@7c16905e]" name="closeBrowser" is-config="true" duration-ms="2078" started-at="2016-10-19T08:08:27Z" finished-at="2016-10-19T08:08:29Z">
          <reporter-output>
          </reporter-output>
        </test-method> <!-- closeBrowser -->
      </class> <!-- com.snb.CSR.automation.testcases.SNBUSA41CSRLogin -->
    </test> <!-- SNB-CSR Portal TestCases -->
  </suite> <!-- SNB Automation Suite -->
</testng-results>
